This is pdfTeX, Version 3.1415926-1.40.9 (MiKTeX 2.7) (preloaded format=pdflatex 2011.4.4)  16 APR 2014 15:41
entering extended mode
**report.tex
(report.tex
LaTeX2e <2009/09/24>
Babel <v3.8l> and hyphenation patterns for english, dumylang, nohyphenation, ge
rman, ngerman, german-x-2009-06-19, ngerman-x-2009-06-19, french, loaded.

(\\ensae.fr\dfsgenes\SourceLogicielsVista\LaTeX\MiKTeX\2.7\tex\latex\base\artic
le.cls
Document Class: article 2007/10/19 v1.4h Standard LaTeX document class

(\\ensae.fr\dfsgenes\SourceLogicielsVista\LaTeX\MiKTeX\2.7\tex\latex\base\size1
1.clo
File: size11.clo 2007/10/19 v1.4h Standard LaTeX file (size option)
)
\c@part=\count79
\c@section=\count80
\c@subsection=\count81
\c@subsubsection=\count82
\c@paragraph=\count83
\c@subparagraph=\count84
\c@figure=\count85
\c@table=\count86
\abovecaptionskip=\skip41
\belowcaptionskip=\skip42
\bibindent=\dimen102
)
(\\ensae.fr\dfsgenes\SourceLogicielsVista\LaTeX\MiKTeX\2.7\tex\latex\base\fonte
nc.sty
Package: fontenc 2005/09/27 v1.99g Standard LaTeX package

(\\ensae.fr\dfsgenes\SourceLogicielsVista\LaTeX\MiKTeX\2.7\tex\latex\base\t1enc
.def
File: t1enc.def 2005/09/27 v1.99g Standard LaTeX file
LaTeX Font Info:    Redeclaring font encoding T1 on input line 43.
))
(\\ensae.fr\dfsgenes\SourceLogicielsVista\LaTeX\MiKTeX\2.7\tex\latex\base\input
enc.sty
Package: inputenc 2008/03/30 v1.1d Input encoding file
\inpenc@prehook=\toks14
\inpenc@posthook=\toks15

(\\ensae.fr\dfsgenes\SourceLogicielsVista\LaTeX\MiKTeX\2.7\tex\latex\base\latin
1.def
File: latin1.def 2008/03/30 v1.1d Input encoding file
))
(\\ensae.fr\dfsgenes\SourceLogicielsVista\LaTeX\MiKTeX\2.7\tex\latex\tools\enum
erate.sty
Package: enumerate 1999/03/05 v3.00 enumerate extensions (DPC)
\@enLab=\toks16
)
(\\ensae.fr\dfsgenes\SourceLogicielsVista\LaTeX\MiKTeX\2.7\tex\latex\setspace\s
etspace.sty
Package: setspace 2000/12/01 6.7 Contributed and Supported LaTeX2e package

Package: `setspace' 6.7 <2000/12/01>
)
(\\ensae.fr\dfsgenes\SourceLogicielsVista\LaTeX\MiKTeX\2.7\tex\latex\ams\math\a
msmath.sty
Package: amsmath 2000/07/18 v2.13 AMS math features
\@mathmargin=\skip43

For additional information on amsmath, use the `?' option.

(\\ensae.fr\dfsgenes\SourceLogicielsVista\LaTeX\MiKTeX\2.7\tex\latex\ams\math\a
mstext.sty
Package: amstext 2000/06/29 v2.01

(\\ensae.fr\dfsgenes\SourceLogicielsVista\LaTeX\MiKTeX\2.7\tex\latex\ams\math\a
msgen.sty
File: amsgen.sty 1999/11/30 v2.0
\@emptytoks=\toks17
\ex@=\dimen103
))
(\\ensae.fr\dfsgenes\SourceLogicielsVista\LaTeX\MiKTeX\2.7\tex\latex\ams\math\a
msbsy.sty
Package: amsbsy 1999/11/29 v1.2d
\pmbraise@=\dimen104
)
(\\ensae.fr\dfsgenes\SourceLogicielsVista\LaTeX\MiKTeX\2.7\tex\latex\ams\math\a
msopn.sty
Package: amsopn 1999/12/14 v2.01 operator names
)
\inf@bad=\count87
LaTeX Info: Redefining \frac on input line 211.
\uproot@=\count88
\leftroot@=\count89
LaTeX Info: Redefining \overline on input line 307.
\classnum@=\count90
\DOTSCASE@=\count91
LaTeX Info: Redefining \ldots on input line 379.
LaTeX Info: Redefining \dots on input line 382.
LaTeX Info: Redefining \cdots on input line 467.
\Mathstrutbox@=\box26
\strutbox@=\box27
\big@size=\dimen105
LaTeX Font Info:    Redeclaring font encoding OML on input line 567.
LaTeX Font Info:    Redeclaring font encoding OMS on input line 568.
\macc@depth=\count92
\c@MaxMatrixCols=\count93
\dotsspace@=\muskip10
\c@parentequation=\count94
\dspbrk@lvl=\count95
\tag@help=\toks18
\row@=\count96
\column@=\count97
\maxfields@=\count98
\andhelp@=\toks19
\eqnshift@=\dimen106
\alignsep@=\dimen107
\tagshift@=\dimen108
\tagwidth@=\dimen109
\totwidth@=\dimen110
\lineht@=\dimen111
\@envbody=\toks20
\multlinegap=\skip44
\multlinetaggap=\skip45
\mathdisplay@stack=\toks21
LaTeX Info: Redefining \[ on input line 2666.
LaTeX Info: Redefining \] on input line 2667.
)
(\\ensae.fr\dfsgenes\SourceLogicielsVista\LaTeX\MiKTeX\2.7\tex\latex\amsfonts\a
mssymb.sty
Package: amssymb 2009/06/22 v3.00

(\\ensae.fr\dfsgenes\SourceLogicielsVista\LaTeX\MiKTeX\2.7\tex\latex\amsfonts\a
msfonts.sty
Package: amsfonts 2009/06/22 v3.00 Basic AMSFonts support
\symAMSa=\mathgroup4
\symAMSb=\mathgroup5
LaTeX Font Info:    Overwriting math alphabet `\mathfrak' in version `bold'
(Font)                  U/euf/m/n --> U/euf/b/n on input line 96.
))
(\\ensae.fr\dfsgenes\SourceLogicielsVista\LaTeX\MiKTeX\2.7\tex\latex\ams\classe
s\amsthm.sty
Package: amsthm 2004/08/06 v2.20
\thm@style=\toks22
\thm@bodyfont=\toks23
\thm@headfont=\toks24
\thm@notefont=\toks25
\thm@headpunct=\toks26
\thm@preskip=\skip46
\thm@postskip=\skip47
\thm@headsep=\skip48
\dth@everypar=\toks27
)
(\\ensae.fr\dfsgenes\SourceLogicielsVista\LaTeX\MiKTeX\2.7\tex\latex\graphics\g
raphicx.sty
Package: graphicx 1999/02/16 v1.0f Enhanced LaTeX Graphics (DPC,SPQR)

(\\ensae.fr\dfsgenes\SourceLogicielsVista\LaTeX\MiKTeX\2.7\tex\latex\graphics\k
eyval.sty
Package: keyval 1999/03/16 v1.13 key=value parser (DPC)
\KV@toks@=\toks28
)
(\\ensae.fr\dfsgenes\SourceLogicielsVista\LaTeX\MiKTeX\2.7\tex\latex\graphics\g
raphics.sty
Package: graphics 2009/02/05 v1.0o Standard LaTeX Graphics (DPC,SPQR)

(\\ensae.fr\dfsgenes\SourceLogicielsVista\LaTeX\MiKTeX\2.7\tex\latex\graphics\t
rig.sty
Package: trig 1999/03/16 v1.09 sin cos tan (DPC)
)
(\\ensae.fr\dfsgenes\SourceLogicielsVista\LaTeX\MiKTeX\2.7\tex\latex\00miktex\g
raphics.cfg
File: graphics.cfg 2007/01/18 v1.5 graphics configuration of teTeX/TeXLive
)
Package graphics Info: Driver file: pdftex.def on input line 91.

(\\ensae.fr\dfsgenes\SourceLogicielsVista\LaTeX\MiKTeX\2.7\tex\latex\pdftex-def
\pdftex.def
File: pdftex.def 2010/02/14 v0.04n Graphics/color for pdfTeX
\Gread@gobject=\count99
))
\Gin@req@height=\dimen112
\Gin@req@width=\dimen113
)
(\\ensae.fr\dfsgenes\SourceLogicielsVista\LaTeX\MiKTeX\2.7\tex\latex\bbm\bbm.st
y
Package: bbm 1999/03/15 V 1.2 provides fonts for set symbols - TH
LaTeX Font Info:    Overwriting math alphabet `\mathbbm' in version `bold'
(Font)                  U/bbm/m/n --> U/bbm/bx/n on input line 33.
LaTeX Font Info:    Overwriting math alphabet `\mathbbmss' in version `bold'
(Font)                  U/bbmss/m/n --> U/bbmss/bx/n on input line 35.
)
(\\ensae.fr\dfsgenes\SourceLogicielsVista\LaTeX\MiKTeX\2.7\tex\latex\natbib\nat
bib.sty
Package: natbib 2009/11/07 8.31a (PWD, AO)
\bibhang=\skip49
\bibsep=\skip50
LaTeX Info: Redefining \cite on input line 694.
\c@NAT@ctr=\count100
)
(\\ensae.fr\dfsgenes\SourceLogicielsVista\LaTeX\MiKTeX\2.7\tex\latex\geometry\g
eometry.sty
Package: geometry 2010/03/13 v5.3 Page Geometry

(\\ensae.fr\dfsgenes\SourceLogicielsVista\LaTeX\MiKTeX\2.7\tex\generic\oberdiek
\ifpdf.sty
Package: ifpdf 2010/01/28 v2.1 Provides the ifpdf switch (HO)
Package ifpdf Info: pdfTeX in pdf mode detected.
)
(\\ensae.fr\dfsgenes\SourceLogicielsVista\LaTeX\MiKTeX\2.7\tex\generic\oberdiek
\ifvtex.sty
Package: ifvtex 2010/03/01 v1.5 Switches for detecting VTeX and its modes (HO)
Package ifvtex Info: VTeX not detected.
)
\Gm@cnth=\count101
\Gm@cntv=\count102
\c@Gm@tempcnt=\count103
\Gm@bindingoffset=\dimen114
\Gm@wd@mp=\dimen115
\Gm@odd@mp=\dimen116
\Gm@even@mp=\dimen117
\Gm@layoutwidth=\dimen118
\Gm@layoutheight=\dimen119
\Gm@layouthoffset=\dimen120
\Gm@layoutvoffset=\dimen121
\Gm@dimlist=\toks29

(\\ensae.fr\dfsgenes\SourceLogicielsVista\LaTeX\MiKTeX\2.7\tex\latex\geometry\g
eometry.cfg))
(\\ensae.fr\dfsgenes\SourceLogicielsVista\LaTeX\MiKTeX\2.7\tex\latex\footmisc\f
ootmisc.sty
Package: footmisc 2009/09/15 v5.5a a miscellany of footnote facilities
\FN@temptoken=\toks30
\footnotemargin=\dimen122
\c@pp@next@reset=\count104
Package footmisc Info: Declaring symbol style bringhurst on input line 855.
Package footmisc Info: Declaring symbol style chicago on input line 863.
Package footmisc Info: Declaring symbol style wiley on input line 872.
Package footmisc Info: Declaring symbol style lamport-robust on input line 883.

Package footmisc Info: Declaring symbol style lamport* on input line 903.
Package footmisc Info: Declaring symbol style lamport*-robust on input line 924
.
)
(\\ensae.fr\dfsgenes\SourceLogicielsVista\LaTeX\MiKTeX\2.7\tex\latex\tools\inde
ntfirst.sty
Package: indentfirst 1995/11/23 v1.03 Indent first paragraph (DPC)
)
(\\ensae.fr\dfsgenes\SourceLogicielsVista\LaTeX\MiKTeX\2.7\tex\latex\endnotes\e
ndnotes.sty
\c@endnote=\count105
\endnotesep=\dimen123
\@enotes=\write3
)
(\\ensae.fr\dfsgenes\SourceLogicielsVista\LaTeX\MiKTeX\2.7\tex\latex\eurosym\eu
rosym.sty
Package: eurosym 1998/08/06 v1.1 European currency symbol ``Euro''
\@eurobox=\box28
)
(\\ensae.fr\dfsgenes\SourceLogicielsVista\LaTeX\MiKTeX\2.7\tex\latex\tools\arra
y.sty
Package: array 2008/09/09 v2.4c Tabular extension package (FMi)
\col@sep=\dimen124
\extrarowheight=\dimen125
\NC@list=\toks31
\extratabsurround=\skip51
\backup@length=\skip52
)
(\\ensae.fr\dfsgenes\SourceLogicielsVista\LaTeX\MiKTeX\2.7\tex\latex\booktabs\b
ooktabs.sty
Package: booktabs 2005/04/14 v1.61803 publication quality tables
\heavyrulewidth=\dimen126
\lightrulewidth=\dimen127
\cmidrulewidth=\dimen128
\belowrulesep=\dimen129
\belowbottomsep=\dimen130
\aboverulesep=\dimen131
\abovetopsep=\dimen132
\cmidrulesep=\dimen133
\cmidrulekern=\dimen134
\defaultaddspace=\dimen135
\@cmidla=\count106
\@cmidlb=\count107
\@aboverulesep=\dimen136
\@belowrulesep=\dimen137
\@thisruleclass=\count108
\@lastruleclass=\count109
\@thisrulewidth=\dimen138
) (report.aux)
LaTeX Font Info:    Checking defaults for OML/cmm/m/it on input line 28.
LaTeX Font Info:    ... okay on input line 28.
LaTeX Font Info:    Checking defaults for T1/cmr/m/n on input line 28.
LaTeX Font Info:    ... okay on input line 28.
LaTeX Font Info:    Checking defaults for OT1/cmr/m/n on input line 28.
LaTeX Font Info:    ... okay on input line 28.
LaTeX Font Info:    Checking defaults for OMS/cmsy/m/n on input line 28.
LaTeX Font Info:    ... okay on input line 28.
LaTeX Font Info:    Checking defaults for OMX/cmex/m/n on input line 28.
LaTeX Font Info:    ... okay on input line 28.
LaTeX Font Info:    Checking defaults for U/cmr/m/n on input line 28.
LaTeX Font Info:    ... okay on input line 28.

(\\ensae.fr\dfsgenes\SourceLogicielsVista\LaTeX\MiKTeX\2.7\tex\context\base\sup
p-pdf.tex
[Loading MPS to PDF converter (version 2006.09.02).]
\scratchcounter=\count110
\scratchdimen=\dimen139
\scratchbox=\box29
\nofMPsegments=\count111
\nofMParguments=\count112
\everyMPshowfont=\toks32
\MPscratchCnt=\count113
\MPscratchDim=\dimen140
\MPnumerator=\count114
\everyMPtoPDFconversion=\toks33
)
*geometry* driver: auto-detecting
*geometry* detected driver: pdftex
*geometry* verbose mode - [ preamble ] result:
* driver: pdftex
* paper: 614.295pt, 794.96999pt (class default)
* layout: 614.295pt, 794.96999pt
* switch(es): 
* h-part:(L,W,R)=(92.14519pt, 430.00462pt, 92.14519pt)
* v-part:(T,H,B)=(95.39737pt, 556.47656pt, 143.09605pt)
* \paperwidth=614.295pt
* \paperheight=794.96999pt
* \textwidth=430.00462pt
* \textheight=556.47656pt
* \oddsidemargin=19.8752pt
* \evensidemargin=19.8752pt
* \topmargin=23.12738pt
* \headheight=0.0pt
* \headsep=0.0pt
* \footskip=30.0pt
* \marginparwidth=59.0pt
* \marginparsep=10.0pt
* \columnsep=10.0pt
* \skip\footins=10.0pt plus 4.0pt minus 2.0pt
* \hoffset=0.0pt
* \voffset=0.0pt
* \mag=1000
* \@twocolumnfalse
* \@twosidefalse
* \@mparswitchfalse
* \@reversemarginfalse
* (1in=72.27pt, 1cm=28.453pt)

LaTeX Font Info:    Try loading font information for U+msa on input line 33.

(\\ensae.fr\dfsgenes\SourceLogicielsVista\LaTeX\MiKTeX\2.7\tex\latex\amsfonts\u
msa.fd
File: umsa.fd 2009/06/22 v3.00 AMS symbols A
)
LaTeX Font Info:    Try loading font information for U+msb on input line 33.

(\\ensae.fr\dfsgenes\SourceLogicielsVista\LaTeX\MiKTeX\2.7\tex\latex\amsfonts\u
msb.fd
File: umsb.fd 2009/06/22 v3.00 AMS symbols B
)
LaTeX Font Info:    Try loading font information for OMS+cmr on input line 33.

(\\ensae.fr\dfsgenes\SourceLogicielsVista\LaTeX\MiKTeX\2.7\tex\latex\base\omscm
r.fd
File: omscmr.fd 1999/05/25 v2.5h Standard LaTeX font definitions
)
LaTeX Font Info:    Font shape `OMS/cmr/m/n' in size <8> not available
(Font)              Font shape `OMS/cmsy/m/n' tried instead on input line 33.
LaTeX Font Info:    Font shape `OMS/cmr/m/n' in size <6> not available
(Font)              Font shape `OMS/cmsy/m/n' tried instead on input line 33.
 [1

{w:/Appdata/MiKTeX/2.7/UserData/pdftex/config/pdftex.map}] [1]

Package natbib Warning: Citation `BAC91' on page 2 undefined on input line 64.

[2] [3]
Underfull \hbox (badness 1571) in paragraph at lines 82--83
[]\T1/cmr/m/n/10.95 Since 2006, French law makes it manda-tory for any gas sta-
tion hav-ing sold
 []

[4]
Underfull \hbox (badness 1072) in paragraph at lines 88--89
[]\T1/cmr/m/n/10.95 Essentially data from gov-erne-ment web-site prix-carburant
s.gouv.fr, from web-site
 []

[5] [6]
LaTeX Font Info:    Try loading font information for U+bbm on input line 124.

(\\ensae.fr\dfsgenes\SourceLogicielsVista\LaTeX\MiKTeX\2.7\tex\latex\bbm\ubbm.f
d
File: ubbm.fd 1999/03/15 V 1.2 Font definition for bbm font - TH
) [7] [8] [9] [10] (report.bbl) [11] [12]

Package natbib Warning: There were undefined citations.

[13] (report.aux) ) 
Here is how much of TeX's memory you used:
 3352 strings out of 95304
 40644 string characters out of 1181907
 100879 words of memory out of 1500000
 6491 multiletter control sequences out of 110000
 21609 words of font info for 63 fonts, out of 3000000 for 5000
 14 hyphenation exceptions out of 8191
 29i,11n,24p,1117b,308s stack positions out of 5000i,500n,10000p,200000b,50000s
{//ensae.fr/dfsgenes/SourceLogicielsVista/LaTeX/MiKTeX/2.7/f
onts/enc/dvips/cm-super/cm-super-t1.enc} <w:\Appdata\MiKTeX\2.7\UserData\fonts\
pk\ljfour\public\bbm\dpi657\bbm10.pk><//ensae.fr/dfsgenes/SourceLogicielsVista/
LaTeX/MiKTeX/2.7/fonts/type1/public/amsfonts/cm/cmex10.pfb><//ensae.fr/dfsgenes
/SourceLogicielsVista/LaTeX/MiKTeX/2.7/fonts/type1/public/amsfonts/cm/cmmi10.pf
b><//ensae.fr/dfsgenes/SourceLogicielsVista/LaTeX/MiKTeX/2.7/fonts/type1/public
/amsfonts/cm/cmmi6.pfb><//ensae.fr/dfsgenes/SourceLogicielsVista/LaTeX/MiKTeX/2
.7/fonts/type1/public/amsfonts/cm/cmmi8.pfb><//ensae.fr/dfsgenes/SourceLogiciel
sVista/LaTeX/MiKTeX/2.7/fonts/type1/public/amsfonts/cm/cmr10.pfb><//ensae.fr/df
sgenes/SourceLogicielsVista/LaTeX/MiKTeX/2.7/fonts/type1/public/amsfonts/cm/cmr
8.pfb><//ensae.fr/dfsgenes/SourceLogicielsVista/LaTeX/MiKTeX/2.7/fonts/type1/pu
blic/amsfonts/cm/cmsy10.pfb><//ensae.fr/dfsgenes/SourceLogicielsVista/LaTeX/MiK
TeX/2.7/fonts/type1/public/amsfonts/cm/cmsy6.pfb><//ensae.fr/dfsgenes/SourceLog
icielsVista/LaTeX/MiKTeX/2.7/fonts/type1/public/amsfonts/cm/cmsy8.pfb><//ensae.
fr/dfsgenes/SourceLogicielsVista/LaTeX/MiKTeX/2.7/fonts/type1/public/eurosym/fe
ymr10.pfb><//ensae.fr/dfsgenes/SourceLogicielsVista/LaTeX/MiKTeX/2.7/fonts/type
1/public/cm-super/sfbx1095.pfb><//ensae.fr/dfsgenes/SourceLogicielsVista/LaTeX/
MiKTeX/2.7/fonts/type1/public/cm-super/sfbx1200.pfb><//ensae.fr/dfsgenes/Source
LogicielsVista/LaTeX/MiKTeX/2.7/fonts/type1/public/cm-super/sfbx1440.pfb><//ens
ae.fr/dfsgenes/SourceLogicielsVista/LaTeX/MiKTeX/2.7/fonts/type1/public/cm-supe
r/sfrm0900.pfb><//ensae.fr/dfsgenes/SourceLogicielsVista/LaTeX/MiKTeX/2.7/fonts
/type1/public/cm-super/sfrm1095.pfb><//ensae.fr/dfsgenes/SourceLogicielsVista/L
aTeX/MiKTeX/2.7/fonts/type1/public/cm-super/sfrm1200.pfb><//ensae.fr/dfsgenes/S
ourceLogicielsVista/LaTeX/MiKTeX/2.7/fonts/type1/public/cm-super/sfrm1728.pfb><
//ensae.fr/dfsgenes/SourceLogicielsVista/LaTeX/MiKTeX/2.7/fonts/type1/public/cm
-super/sfti0900.pfb><//ensae.fr/dfsgenes/SourceLogicielsVista/LaTeX/MiKTeX/2.7/
fonts/type1/public/cm-super/sfti1095.pfb>
Output written on report.pdf (14 pages, 273517 bytes).
PDF statistics:
 130 PDF objects out of 1000 (max. 8388607)
 0 named destinations out of 1000 (max. 131072)
 1 words of extra memory for PDF output out of 10000 (max. 10000000)

